<?xml version="1.0" encoding="UTF-8"?>
<testsuite xmlns:xsi="http://www.w3.org/2001/XMLSchema-instance" xsi:noNamespaceSchemaLocation="https://maven.apache.org/surefire/maven-surefire-plugin/xsd/surefire-test-report.xsd" name="TestSuite" time="34.177" tests="2" errors="0" skipped="0" failures="2">
  <properties>
[...]
</properties>
  <testcase name="GenericPEAPIMatchBackTestSet2" classname="com.smarteinc.api.tests.MatchBackTest" time="28.311">
    <failure message="PE API script has failed" type="java.lang.AssertionError">java.lang.AssertionError: PE API script has failed
	at com.smarteinc.api.tests.MatchBackTest.GenericPEAPIMatchBackTestSet2(MatchBackTest.java:226)
</failure>
    <system-out><![CDATA[[TestNGContentHandler] [WARN] It is strongly recommended to add "<!DOCTYPE suite SYSTEM "http://testng.org/testng-1.0.dtd" >" at the top of your file, otherwise TestNG may fail or not work as expected.

Test Case started GenericPEAPIMatchBackTestSet2

Test Case started GenericPEAPIMatchBackTestSet1
[26-27-2020 10:27:57:904] [INFO ] MatchBackTest: Start Test
Connection timed out: connect
Connection timed out: connect
Successfuly saved file to : C:/Users/Poonam Jha/poonam/com.smarteinc.automation/target/test-classes/TestData/MatchBack/NewCompMB-3.xlsx
Test Case Ended GenericPEAPIMatchBackTestSet2
java.lang.AssertionError: PE API script has failed
]]></system-out>
    <system-err><![CDATA[log4j:WARN No appenders could be found for logger (org.apache.http.impl.conn.BasicClientConnectionManager).
log4j:WARN Please initialize the log4j system properly.
log4j:WARN See http://logging.apache.org/log4j/1.2/faq.html#noconfig for more info.
log4j:WARN No appenders could be found for logger (org.apache.http.impl.conn.BasicClientConnectionManager).
log4j:WARN Please initialize the log4j system properly.
log4j:WARN See http://logging.apache.org/log4j/1.2/faq.html#noconfig for more info.
java.lang.AssertionError: PE API script has failed
	at org.testng.Assert.fail(Assert.java:96)
	at com.smarteinc.api.tests.MatchBackTest.GenericPEAPIMatchBackTestSet2(MatchBackTest.java:226)
	at sun.reflect.NativeMethodAccessorImpl.invoke0(Native Method)
	at sun.reflect.NativeMethodAccessorImpl.invoke(NativeMethodAccessorImpl.java:62)
	at sun.reflect.DelegatingMethodAccessorImpl.invoke(DelegatingMethodAccessorImpl.java:43)
	at java.lang.reflect.Method.invoke(Method.java:498)
	at org.testng.internal.MethodInvocationHelper.invokeMethod(MethodInvocationHelper.java:124)
	at org.testng.internal.Invoker.invokeMethod(Invoker.java:583)
	at org.testng.internal.Invoker.invokeTestMethod(Invoker.java:719)
	at org.testng.internal.Invoker.invokeTestMethods(Invoker.java:989)
	at org.testng.internal.TestMethodWorker.invokeTestMethods(TestMethodWorker.java:125)
	at org.testng.internal.TestMethodWorker.run(TestMethodWorker.java:109)
	at java.util.concurrent.ThreadPoolExecutor.runWorker(ThreadPoolExecutor.java:1149)
	at java.util.concurrent.ThreadPoolExecutor$Worker.run(ThreadPoolExecutor.java:624)
	at java.lang.Thread.run(Thread.java:748)
]]></system-err>
  </testcase>
  <testcase name="GenericPEAPIMatchBackTestSet1" classname="com.smarteinc.api.tests.MatchBackTest" time="29.007">
    <failure message="PE API script has failed" type="java.lang.AssertionError">java.lang.AssertionError: PE API script has failed
	at com.smarteinc.api.tests.MatchBackTest.GenericPEAPIMatchBackTestSet1(MatchBackTest.java:149)
</failure>
    <system-out><![CDATA[Successfuly saved file to : C:/Users/Poonam Jha/poonam/com.smarteinc.automation/target/test-classes/TestData/MatchBack/NewCompMB-2.xlsx
Test Case Ended GenericPEAPIMatchBackTestSet1
java.lang.AssertionError: PE API script has failed
]]></system-out>
    <system-err><![CDATA[java.lang.AssertionError: PE API script has failed
	at org.testng.Assert.fail(Assert.java:96)
	at com.smarteinc.api.tests.MatchBackTest.GenericPEAPIMatchBackTestSet1(MatchBackTest.java:149)
	at sun.reflect.NativeMethodAccessorImpl.invoke0(Native Method)
	at sun.reflect.NativeMethodAccessorImpl.invoke(NativeMethodAccessorImpl.java:62)
	at sun.reflect.DelegatingMethodAccessorImpl.invoke(DelegatingMethodAccessorImpl.java:43)
	at java.lang.reflect.Method.invoke(Method.java:498)
	at org.testng.internal.MethodInvocationHelper.invokeMethod(MethodInvocationHelper.java:124)
	at org.testng.internal.Invoker.invokeMethod(Invoker.java:583)
	at org.testng.internal.Invoker.invokeTestMethod(Invoker.java:719)
	at org.testng.internal.Invoker.invokeTestMethods(Invoker.java:989)
	at org.testng.internal.TestMethodWorker.invokeTestMethods(TestMethodWorker.java:125)
	at org.testng.internal.TestMethodWorker.run(TestMethodWorker.java:109)
	at java.util.concurrent.ThreadPoolExecutor.runWorker(ThreadPoolExecutor.java:1149)
	at java.util.concurrent.ThreadPoolExecutor$Worker.run(ThreadPoolExecutor.java:624)
	at java.lang.Thread.run(Thread.java:748)
]]></system-err>
  </testcase>
</testsuite>